
> reply@0.1.0 dev
> next dev

⚠ Port 3000 is in use by process 40669, using available port 3001 instead.
▲ Next.js 16.1.4 (Turbopack)
- Local:         http://localhost:3001
- Network:       http://192.168.45.227:3001
- Environments: .env

✓ Starting...
✓ Ready in 740ms
 GET /coffee 404 in 1467ms (compile: 1308ms, render: 159ms)
 GET /pasta 200 in 1498ms (compile: 1329ms, render: 169ms)
 GET /pasta 200 in 81ms (compile: 5ms, render: 76ms)
 GET /pasta 200 in 79ms (compile: 5ms, render: 74ms)
 GET /pasta 200 in 55ms (compile: 17ms, render: 37ms)
 POST /api/story-links 200 in 105ms (compile: 59ms, render: 46ms)
 GET /pasta?source=story&link=XoYseW 200 in 48ms (compile: 10ms, render: 38ms)
 GET /pasta?source=story&link=XoYseW 200 in 41ms (compile: 6ms, render: 35ms)
 GET /pasta 200 in 38ms (compile: 7ms, render: 31ms)
 POST /api/story-links 200 in 17ms (compile: 5ms, render: 12ms)
 GET /pasta?source=story&link=VcCvgy 200 in 30ms (compile: 5ms, render: 26ms)
 POST /api/coupons 200 in 85ms (compile: 72ms, render: 14ms)
 GET /coupon/cmktodezi00016kwzv9d1t1is 200 in 307ms (compile: 285ms, render: 23ms)
 POST /api/coupons/cmktodezi00016kwzv9d1t1is/redeem 200 in 556ms (compile: 459ms, render: 97ms)
